0 info it worked if it ends with ok
1 verbose cli [ '/usr/bin/nodejs', '/usr/bin/npm', 'install', '-g', 'yo@1.2.0' ]
2 info using npm@1.3.10
3 info using node@v0.10.25
4 verbose cache add [ 'yo@1.2.0', null ]
5 verbose cache add name=undefined spec="yo@1.2.0" args=["yo@1.2.0",null]
6 verbose parsed url { protocol: null,
6 verbose parsed url   slashes: null,
6 verbose parsed url   auth: null,
6 verbose parsed url   host: null,
6 verbose parsed url   port: null,
6 verbose parsed url   hostname: null,
6 verbose parsed url   hash: null,
6 verbose parsed url   search: null,
6 verbose parsed url   query: null,
6 verbose parsed url   pathname: 'yo@1.2.0',
6 verbose parsed url   path: 'yo@1.2.0',
6 verbose parsed url   href: 'yo@1.2.0' }
7 verbose cache add name="yo" spec="1.2.0" args=["yo","1.2.0"]
8 verbose parsed url { protocol: null,
8 verbose parsed url   slashes: null,
8 verbose parsed url   auth: null,
8 verbose parsed url   host: null,
8 verbose parsed url   port: null,
8 verbose parsed url   hostname: null,
8 verbose parsed url   hash: null,
8 verbose parsed url   search: null,
8 verbose parsed url   query: null,
8 verbose parsed url   pathname: '1.2.0',
8 verbose parsed url   path: '1.2.0',
8 verbose parsed url   href: '1.2.0' }
9 verbose addNamed [ 'yo', '1.2.0' ]
10 verbose addNamed [ '1.2.0', '1.2.0' ]
11 silly lockFile 43d9b248-yo-1-2-0 yo@1.2.0
12 verbose lock yo@1.2.0 /home/steve/.npm/43d9b248-yo-1-2-0.lock
13 verbose url raw yo/1.2.0
14 verbose url resolving [ 'https://registry.npmjs.org/', './yo/1.2.0' ]
15 verbose url resolved https://registry.npmjs.org/yo/1.2.0
16 info trying registry request attempt 1 at 16:31:06
17 http GET https://registry.npmjs.org/yo/1.2.0
18 http 200 https://registry.npmjs.org/yo/1.2.0
19 silly registry.get cb [ 200,
19 silly registry.get   { date: 'Wed, 26 Nov 2014 21:31:06 GMT',
19 silly registry.get     server: 'CouchDB/1.5.0 (Erlang OTP/R16B03)',
19 silly registry.get     etag: '"DCCB8PPACB63A6PKXL18LPDYZ"',
19 silly registry.get     'content-type': 'application/json',
19 silly registry.get     'cache-control': 'max-age=60',
19 silly registry.get     'content-length': '1787',
19 silly registry.get     'accept-ranges': 'bytes',
19 silly registry.get     via: '1.1 varnish',
19 silly registry.get     age: '0',
19 silly registry.get     'x-served-by': 'cache-jfk1030-JFK',
19 silly registry.get     'x-cache': 'MISS',
19 silly registry.get     'x-cache-hits': '0',
19 silly registry.get     'x-timer': 'S1417037466.367493,VS0,VE104',
19 silly registry.get     vary: 'Accept',
19 silly registry.get     'keep-alive': 'timeout=10, max=50',
19 silly registry.get     connection: 'Keep-Alive' } ]
20 silly lockFile e6915dcc-gistry-npmjs-org-yo-yo-1-2-0-tgz https://registry.npmjs.org/yo/-/yo-1.2.0.tgz
21 verbose lock https://registry.npmjs.org/yo/-/yo-1.2.0.tgz /home/steve/.npm/e6915dcc-gistry-npmjs-org-yo-yo-1-2-0-tgz.lock
22 verbose addRemoteTarball [ 'https://registry.npmjs.org/yo/-/yo-1.2.0.tgz',
22 verbose addRemoteTarball   'ce499ba3f06963772d77c03e8daefe8686d8047d' ]
23 info retry fetch attempt 1 at 16:31:06
24 verbose fetch to= /home/steve/tmp/npm-8600-01fIakgy/1417037466465-0.5092952635604888/tmp.tgz
25 http GET https://registry.npmjs.org/yo/-/yo-1.2.0.tgz
26 http 200 https://registry.npmjs.org/yo/-/yo-1.2.0.tgz
27 verbose tar unpack /home/steve/tmp/npm-8600-01fIakgy/1417037466465-0.5092952635604888/tmp.tgz
28 silly lockFile f5bdce99-66465-0-5092952635604888-package tar:///home/steve/tmp/npm-8600-01fIakgy/1417037466465-0.5092952635604888/package
29 verbose lock tar:///home/steve/tmp/npm-8600-01fIakgy/1417037466465-0.5092952635604888/package /home/steve/.npm/f5bdce99-66465-0-5092952635604888-package.lock
30 silly lockFile 0c3f4971-66465-0-5092952635604888-tmp-tgz tar:///home/steve/tmp/npm-8600-01fIakgy/1417037466465-0.5092952635604888/tmp.tgz
31 verbose lock tar:///home/steve/tmp/npm-8600-01fIakgy/1417037466465-0.5092952635604888/tmp.tgz /home/steve/.npm/0c3f4971-66465-0-5092952635604888-tmp-tgz.lock
32 silly gunzTarPerm modes [ '755', '644' ]
33 silly gunzTarPerm extractEntry package.json
34 silly gunzTarPerm extractEntry cli.js
35 silly gunzTarPerm extractEntry yoyo.js
36 silly gunzTarPerm extractEntry readme.md
37 silly gunzTarPerm extractEntry scripts/doctor.js
38 silly gunzTarPerm extractEntry yeoman.txt
39 silly lockFile f5bdce99-66465-0-5092952635604888-package tar:///home/steve/tmp/npm-8600-01fIakgy/1417037466465-0.5092952635604888/package
40 silly lockFile f5bdce99-66465-0-5092952635604888-package tar:///home/steve/tmp/npm-8600-01fIakgy/1417037466465-0.5092952635604888/package
41 silly lockFile 0c3f4971-66465-0-5092952635604888-tmp-tgz tar:///home/steve/tmp/npm-8600-01fIakgy/1417037466465-0.5092952635604888/tmp.tgz
42 silly lockFile 0c3f4971-66465-0-5092952635604888-tmp-tgz tar:///home/steve/tmp/npm-8600-01fIakgy/1417037466465-0.5092952635604888/tmp.tgz
43 verbose tar pack [ '/home/steve/.npm/yo/1.2.0/package.tgz',
43 verbose tar pack   '/home/steve/tmp/npm-8600-01fIakgy/1417037466465-0.5092952635604888/package' ]
44 verbose tarball /home/steve/.npm/yo/1.2.0/package.tgz
45 verbose folder /home/steve/tmp/npm-8600-01fIakgy/1417037466465-0.5092952635604888/package
46 silly lockFile f5bdce99-66465-0-5092952635604888-package tar:///home/steve/tmp/npm-8600-01fIakgy/1417037466465-0.5092952635604888/package
47 verbose lock tar:///home/steve/tmp/npm-8600-01fIakgy/1417037466465-0.5092952635604888/package /home/steve/.npm/f5bdce99-66465-0-5092952635604888-package.lock
48 silly lockFile b694c9d2-e-steve-npm-yo-1-2-0-package-tgz tar:///home/steve/.npm/yo/1.2.0/package.tgz
49 verbose lock tar:///home/steve/.npm/yo/1.2.0/package.tgz /home/steve/.npm/b694c9d2-e-steve-npm-yo-1-2-0-package-tgz.lock
50 silly lockFile f5bdce99-66465-0-5092952635604888-package tar:///home/steve/tmp/npm-8600-01fIakgy/1417037466465-0.5092952635604888/package
51 silly lockFile f5bdce99-66465-0-5092952635604888-package tar:///home/steve/tmp/npm-8600-01fIakgy/1417037466465-0.5092952635604888/package
52 silly lockFile b694c9d2-e-steve-npm-yo-1-2-0-package-tgz tar:///home/steve/.npm/yo/1.2.0/package.tgz
53 silly lockFile b694c9d2-e-steve-npm-yo-1-2-0-package-tgz tar:///home/steve/.npm/yo/1.2.0/package.tgz
54 silly lockFile d5d1dd1d-home-steve-npm-yo-1-2-0-package /home/steve/.npm/yo/1.2.0/package
55 verbose lock /home/steve/.npm/yo/1.2.0/package /home/steve/.npm/d5d1dd1d-home-steve-npm-yo-1-2-0-package.lock
56 silly lockFile d5d1dd1d-home-steve-npm-yo-1-2-0-package /home/steve/.npm/yo/1.2.0/package
57 silly lockFile d5d1dd1d-home-steve-npm-yo-1-2-0-package /home/steve/.npm/yo/1.2.0/package
58 verbose tar unpack /home/steve/.npm/yo/1.2.0/package.tgz
59 silly lockFile caa58f34--home-steve-npm-yo-1-2-0-package tar:///home/steve/.npm/yo/1.2.0/package
60 verbose lock tar:///home/steve/.npm/yo/1.2.0/package /home/steve/.npm/caa58f34--home-steve-npm-yo-1-2-0-package.lock
61 silly lockFile b694c9d2-e-steve-npm-yo-1-2-0-package-tgz tar:///home/steve/.npm/yo/1.2.0/package.tgz
62 verbose lock tar:///home/steve/.npm/yo/1.2.0/package.tgz /home/steve/.npm/b694c9d2-e-steve-npm-yo-1-2-0-package-tgz.lock
63 silly gunzTarPerm modes [ '755', '644' ]
64 silly gunzTarPerm extractEntry package.json
65 silly gunzTarPerm extractEntry cli.js
66 silly gunzTarPerm extractEntry yoyo.js
67 silly gunzTarPerm extractEntry readme.md
68 silly gunzTarPerm extractEntry scripts/doctor.js
69 silly gunzTarPerm extractEntry yeoman.txt
70 silly lockFile caa58f34--home-steve-npm-yo-1-2-0-package tar:///home/steve/.npm/yo/1.2.0/package
71 silly lockFile caa58f34--home-steve-npm-yo-1-2-0-package tar:///home/steve/.npm/yo/1.2.0/package
72 silly lockFile b694c9d2-e-steve-npm-yo-1-2-0-package-tgz tar:///home/steve/.npm/yo/1.2.0/package.tgz
73 silly lockFile b694c9d2-e-steve-npm-yo-1-2-0-package-tgz tar:///home/steve/.npm/yo/1.2.0/package.tgz
74 verbose chmod /home/steve/.npm/yo/1.2.0/package.tgz 644
75 verbose chown /home/steve/.npm/yo/1.2.0/package.tgz [ 1000, 1000 ]
76 silly lockFile e6915dcc-gistry-npmjs-org-yo-yo-1-2-0-tgz https://registry.npmjs.org/yo/-/yo-1.2.0.tgz
77 silly lockFile e6915dcc-gistry-npmjs-org-yo-yo-1-2-0-tgz https://registry.npmjs.org/yo/-/yo-1.2.0.tgz
78 silly lockFile 43d9b248-yo-1-2-0 yo@1.2.0
79 silly lockFile 43d9b248-yo-1-2-0 yo@1.2.0
80 silly resolved [ { name: 'yo',
80 silly resolved     version: '1.2.0',
80 silly resolved     description: 'CLI tool for running Yeoman generators',
80 silly resolved     license: 'BSD',
80 silly resolved     bin: { yo: 'cli.js' },
80 silly resolved     author: { name: 'The Yeoman Team' },
80 silly resolved     repository: { type: 'git', url: 'git://github.com/yeoman/yo' },
80 silly resolved     engines: { node: '>=0.10.0', npm: '>=1.4.3' },
80 silly resolved     scripts:
80 silly resolved      { test: 'grunt',
80 silly resolved        postinstall: 'node ./scripts/doctor',
80 silly resolved        postupdate: 'node ./scripts/doctor' },
80 silly resolved     files: [ 'cli.js', 'yoyo.js', 'yeoman.txt', 'scripts' ],
80 silly resolved     keywords:
80 silly resolved      [ 'front-end',
80 silly resolved        'development',
80 silly resolved        'dev',
80 silly resolved        'build',
80 silly resolved        'web',
80 silly resolved        'tool',
80 silly resolved        'cli',
80 silly resolved        'scaffold',
80 silly resolved        'stack',
80 silly resolved        'yeoman',
80 silly resolved        'generator',
80 silly resolved        'app' ],
80 silly resolved     dependencies:
80 silly resolved      { async: '^0.9.0',
80 silly resolved        chalk: '^0.4.0',
80 silly resolved        findup: '^0.1.3',
80 silly resolved        fullname: '^0.1.0',
80 silly resolved        insight: '^0.3.0',
80 silly resolved        'is-root': '^0.1.0',
80 silly resolved        lodash: '^2.4.1',
80 silly resolved        nopt: '^3.0.0',
80 silly resolved        opn: '^0.1.1',
80 silly resolved        shelljs: '^0.3.0',
80 silly resolved        'string-length': '^0.1.2',
80 silly resolved        'sudo-block': '^0.4.0',
80 silly resolved        'update-notifier': '^0.1.3',
80 silly resolved        'yeoman-generator': '^0.17.0',
80 silly resolved        yosay: '^0.2.1' },
80 silly resolved     peerDependencies: { 'grunt-cli': '>=0.1.7', bower: '>=1.0.0' },
80 silly resolved     devDependencies:
80 silly resolved      { grunt: '^0.4.2',
80 silly resolved        'grunt-contrib-jshint': '^0.10.0',
80 silly resolved        'grunt-contrib-watch': '^0.6.1',
80 silly resolved        'grunt-mocha-test': '^0.11.0',
80 silly resolved        mockery: '^1.4.0' },
80 silly resolved     engineStrict: true,
80 silly resolved     preferGlobal: true,
80 silly resolved     readme: '# yo [![Build Status](https://travis-ci.org/yeoman/yo.svg?branch=master)](https://travis-ci.org/yeoman/yo) ![](http://img.shields.io/badge/unicorn-approved-ff69b4.svg)\n\n> CLI tool for running Yeoman [generators](yeoman.io/community-generators.html).\n\n![](screenshot.png)\n\n\n## [Documentation](https://github.com/yeoman/yeoman/wiki)\n\n\n## Options\n\n- `--no-color` flag to disable colors.\n- `--version` (`-v`) Print the current `yo` version.\n- `--help` (`-h`) Print `yo` help menu with the list of found generators\n- `--[no-]insight` to toggle anonymous [Insight](https://github.com/yeoman/insight) tracking which helps us improve Yeoman. Using either of these flags on the first run will prevent you from being prompted about it interactively. The flags can also be used to change it later on.\n- `--generators` will output the available generators\n\n\n## Troubleshooting\n\nRunning `yo doctor` command can help you troubleshoot common issues.\n\nIf `doctor` doesn\'t help, then check opened issues for a similar problem. Open a new issue if your problem haven\'t been reported yet. Make sure to always include the version of `yo` (`yo --version`) and Node.js (`node --version`) you use.\n\nIf your issue only occur using a generator, please report the issues on the generator\'s repository.\n\n\n## Contribute\n\nSee the [contributing docs](https://github.com/yeoman/yeoman/blob/master/contributing.md).\n\n\n## Changelog\n\nSee the [release page](https://github.com/yeoman/yo/releases).\n\n\n## License\n\n[BSD license](http://opensource.org/licenses/bsd-license.php) and copyright Google.\n',
80 silly resolved     readmeFilename: 'readme.md',
80 silly resolved     bugs: { url: 'https://github.com/yeoman/yo/issues' },
80 silly resolved     _id: 'yo@1.2.0',
80 silly resolved     dist: { shasum: '557c7d6219739d062bd656f7eb1027a53131e0e1' },
80 silly resolved     _from: 'yo@1.2.0',
80 silly resolved     _resolved: 'https://registry.npmjs.org/yo/-/yo-1.2.0.tgz' } ]
81 info install yo@1.2.0 into /usr/local/lib
82 info installOne yo@1.2.0
83 error notsup Unsupported
83 error notsup Not compatible with your version of node/npm: yo@1.2.0
83 error notsup Required: {"node":">=0.10.0","npm":">=1.4.3"}
83 error notsup Actual:   {"npm":"1.3.10","node":"v0.10.25"}
84 error System Linux 3.13.0-37-generic
85 error command "/usr/bin/nodejs" "/usr/bin/npm" "install" "-g" "yo@1.2.0"
86 error cwd /home/steve/Fullstack/trellis
87 error node -v v0.10.25
88 error npm -v 1.3.10
89 error code ENOTSUP
90 verbose exit [ 1, true ]
